Arguments: 
  /Users/evin/.nvm/versions/node/v12.8.0/bin/node /usr/local/Cellar/yarn/1.17.3/libexec/bin/yarn.js add ts-node typescript

PATH: 
  /Users/evin/Downloads/google-cloud-sdk/bin:/Users/evin/.pyenv/shims:/opt/local/bin:/opt/local/sbin:/Users/evin/.nvm/versions/node/v12.8.0/bin:/anaconda3/bin:/usr/local/bin:/usr/bin:/bin:/usr/sbin:/sbin:/opt/X11/bin:/Library/Frameworks/Mono.framework/Versions/Current/Commands:/Applications/Wireshark.app/Contents/MacOS:/Users/evin/.local/bin

Yarn version: 
  1.17.3

Node version: 
  12.8.0

Platform: 
  darwin x64

Trace: 
  SyntaxError: /Users/evin/Documents/github/surpc/e2e/typescript-quackpad/client/package.json: Unexpected token { in JSON at position 162
      at JSON.parse (<anonymous>)
      at /usr/local/Cellar/yarn/1.17.3/libexec/lib/cli.js:1625:59
      at Generator.next (<anonymous>)
      at step (/usr/local/Cellar/yarn/1.17.3/libexec/lib/cli.js:304:30)
      at /usr/local/Cellar/yarn/1.17.3/libexec/lib/cli.js:315:13

npm manifest: 
  {
    "name": "client",
    "version": "1.0.0",
    "main": "index.js",
    "author": "evin",
    "license": "MIT",
    "dependencies": {
      "ws": "^7.3.0"
    },
    "scripts" {
      "start": "gen.sh && ts-node"
    }
  }

yarn manifest: 
  No manifest

Lockfile: 
  # THIS IS AN AUTOGENERATED FILE. DO NOT EDIT THIS FILE DIRECTLY.
  # yarn lockfile v1
  
  
  ws@^7.3.0:
    version "7.3.0"
    resolved "https://registry.yarnpkg.com/ws/-/ws-7.3.0.tgz#4b2f7f219b3d3737bc1a2fbf145d825b94d38ffd"
    integrity sha512-iFtXzngZVXPGgpTlP1rBqsUK82p9tKqsWRPg5L56egiljujJT3vGAYnHANvFxBieXrTFavhzhxW52jnaWV+w2w==
